<?xml version="1.0" encoding="UTF-8"?>
<!-- Generated by org.testng.reporters.JUnitReportReporter -->
<testsuite hostname="DESKTOP-J8R3DP5" failures="0" tests="1" name="testClasses.PurchaseShirtTest" time="28.900" errors="0" timestamp="2024-10-20T09:36:51 EEST" skipped="0">
  <testcase classname="testClasses.PurchaseShirtTest" name="ProductCheckoutTest" time="28.900"/>
  <system-out/>
</testsuite> <!-- testClasses.PurchaseShirtTest -->
