<?xml version="1.0" encoding="UTF-8"?>
<!-- Generated by org.testng.reporters.JUnitReportReporter -->
<testsuite hostname="DESKTOP-J8R3DP5" failures="0" tests="1" name="testClasses.TestCase" time="0.009" errors="0" timestamp="2024-10-18T19:41:20 EEST" skipped="0">
  <testcase classname="testClasses.TestCase" name="myTest" time="0.009"/>
  <system-out/>
</testsuite> <!-- testClasses.TestCase -->
